<?xml version="1.0" encoding="UTF-8"?>
<testng-results ignored="0" total="2" passed="2" failed="0" skipped="0">
  <reporter-output>
  </reporter-output>
  <suite started-at="2024-11-21T11:25:09 PST" name="masterSuite" finished-at="2024-11-21T11:25:21 PST" duration-ms="12648">
    <groups>
      <group name="Master">
        <method signature="LoginTest.user_login()[pri:0, instance:Testcases.LoginTest@33aeca0b]" name="user_login" class="Testcases.LoginTest"/>
        <method signature="RegistrationTestPage.account_register()[pri:0, instance:Testcases.RegistrationTestPage@793138bd]" name="account_register" class="Testcases.RegistrationTestPage"/>
      </group> <!-- Master -->
      <group name="Register">
        <method signature="RegistrationTestPage.account_register()[pri:0, instance:Testcases.RegistrationTestPage@793138bd]" name="account_register" class="Testcases.RegistrationTestPage"/>
      </group> <!-- Register -->
      <group name="login">
        <method signature="LoginTest.user_login()[pri:0, instance:Testcases.LoginTest@33aeca0b]" name="user_login" class="Testcases.LoginTest"/>
      </group> <!-- login -->
    </groups>
    <test started-at="2024-11-21T11:25:09 PST" name="test" finished-at="2024-11-21T11:25:21 PST" duration-ms="12648">
      <class name="Testcases.LoginTest">
        <test-method is-config="true" signature="setup(java.lang.String,java.lang.String)[pri:0, instance:Testcases.LoginTest@33aeca0b]" started-at="2024-11-21T11:25:17 PST" name="setup" finished-at="2024-11-21T11:25:19 PST" duration-ms="2214" status="PASS">
          <params>
            <param index="0">
              <value>
                <![CDATA[windows]]>
              </value>
            </param>
            <param index="1">
              <value>
                <![CDATA[chrome]]>
              </value>
            </param>
          </params>
          <reporter-output>
          </reporter-output>
        </test-method> <!-- setup -->
        <test-method signature="user_login()[pri:0, instance:Testcases.LoginTest@33aeca0b]" started-at="2024-11-21T11:25:19 PST" name="user_login" finished-at="2024-11-21T11:25:21 PST" duration-ms="1832" status="PASS">
          <reporter-output>
          </reporter-output>
        </test-method> <!-- user_login -->
        <test-method is-config="true" signature="teardown()[pri:0, instance:Testcases.LoginTest@33aeca0b]" started-at="2024-11-21T11:25:21 PST" name="teardown" finished-at="2024-11-21T11:25:21 PST" duration-ms="299" status="PASS">
          <reporter-output>
          </reporter-output>
        </test-method> <!-- teardown -->
      </class> <!-- Testcases.LoginTest -->
      <class name="Testcases.RegistrationTestPage">
        <test-method is-config="true" signature="setup(java.lang.String,java.lang.String)[pri:0, instance:Testcases.RegistrationTestPage@793138bd]" started-at="2024-11-21T11:25:09 PST" name="setup" finished-at="2024-11-21T11:25:12 PST" duration-ms="2979" status="PASS">
          <params>
            <param index="0">
              <value>
                <![CDATA[windows]]>
              </value>
            </param>
            <param index="1">
              <value>
                <![CDATA[chrome]]>
              </value>
            </param>
          </params>
          <reporter-output>
          </reporter-output>
        </test-method> <!-- setup -->
        <test-method signature="account_register()[pri:0, instance:Testcases.RegistrationTestPage@793138bd]" started-at="2024-11-21T11:25:12 PST" name="account_register" finished-at="2024-11-21T11:25:17 PST" duration-ms="4701" status="PASS">
          <reporter-output>
          </reporter-output>
        </test-method> <!-- account_register -->
        <test-method is-config="true" signature="teardown()[pri:0, instance:Testcases.RegistrationTestPage@793138bd]" started-at="2024-11-21T11:25:17 PST" name="teardown" finished-at="2024-11-21T11:25:17 PST" duration-ms="281" status="PASS">
          <reporter-output>
          </reporter-output>
        </test-method> <!-- teardown -->
      </class> <!-- Testcases.RegistrationTestPage -->
    </test> <!-- test -->
  </suite> <!-- masterSuite -->
</testng-results>
