<?xml version="1.0" encoding="UTF-8"?>
<!-- Generated by org.testng.reporters.JUnitXMLReporter -->
<testsuite ignored="0" hostname="Tittu" failures="4" tests="7" name="test" time="62.726" errors="0" timestamp="2024-11-21T10:47:00 PST">
  <testcase classname="Testcases.RegistrationTestPage" name="account_register" time="4.306"/>
  <testcase classname="Testcases.LoginTest" name="user_login" time="1.38"/>
  <testcase classname="Testcases.LoginDDTest" name="datadriventest" time="11.088">
    <failure type="java.lang.AssertionError" message="expected [true] but found [false]">
      <![CDATA[java.lang.AssertionError: expected [true] but found [false]
at Testcases.LoginDDTest.datadriventest(LoginDDTest.java:31)
at java.base/java.util.ArrayList.forEach(ArrayList.java:1597)
... Removed 29 stack frames]]>
    </failure>
  </testcase> <!-- datadriventest -->
  <testcase classname="Testcases.LoginDDTest" name="datadriventest" time="10.96">
    <failure type="java.lang.AssertionError" message="expected [true] but found [false]">
      <![CDATA[java.lang.AssertionError: expected [true] but found [false]
at Testcases.LoginDDTest.datadriventest(LoginDDTest.java:31)
at java.base/java.util.ArrayList.forEach(ArrayList.java:1597)
... Removed 29 stack frames]]>
    </failure>
  </testcase> <!-- datadriventest -->
  <testcase classname="Testcases.LoginDDTest" name="datadriventest" time="1.422"/>
  <testcase classname="Testcases.LoginDDTest" name="datadriventest" time="10.943">
    <failure type="java.lang.AssertionError" message="expected [true] but found [false]">
      <![CDATA[java.lang.AssertionError: expected [true] but found [false]
at Testcases.LoginDDTest.datadriventest(LoginDDTest.java:31)
at java.base/java.util.ArrayList.forEach(ArrayList.java:1597)
... Removed 29 stack frames]]>
    </failure>
  </testcase> <!-- datadriventest -->
  <testcase classname="Testcases.LoginDDTest" name="datadriventest" time="10.94">
    <failure type="java.lang.AssertionError" message="expected [true] but found [false]">
      <![CDATA[java.lang.AssertionError: expected [true] but found [false]
at Testcases.LoginDDTest.datadriventest(LoginDDTest.java:31)
at java.base/java.util.ArrayList.forEach(ArrayList.java:1597)
... Removed 29 stack frames]]>
    </failure>
  </testcase> <!-- datadriventest -->
</testsuite> <!-- test -->
